<?xml version="1.0" encoding="UTF-8"?>
<!-- Generated by org.testng.reporters.JUnitReportReporter -->
<testsuite hostname="DESKTOP-5BKKI8L" failures="0" tests="5" name="com.allianz.test.LoginUITest" time="57.969" errors="0" timestamp="2024-04-30T00:07:23 PDT" skipped="0">
  <testcase classname="com.allianz.test.LoginUITest" name="titleTest" time="8.879"/>
  <testcase classname="com.allianz.test.LoginUITest" name="titleTest" time="13.174"/>
  <testcase classname="com.allianz.test.LoginUITest" name="applicationDescriptionTest" time="12.794"/>
  <testcase classname="com.allianz.test.LoginUITest" name="titleTest" time="13.149"/>
  <testcase classname="com.allianz.test.LoginUITest" name="getTitle" time="9.973"/>
</testsuite> <!-- com.allianz.test.LoginUITest -->
