<?xml version="1.0" encoding="UTF-8"?>
<!-- Generated by org.testng.reporters.JUnitReportReporter -->
<testsuite hostname="DESKTOP-5BKKI8L" failures="0" tests="5" name="com.allianz.test.LoginUITest" time="104.564" errors="0" timestamp="2024-04-15T22:07:51 PDT" skipped="0">
  <testcase classname="com.allianz.test.LoginUITest" name="getTitle" time="22.732"/>
  <testcase classname="com.allianz.test.LoginUITest" name="applicationDescriptionTest" time="24.090"/>
  <testcase classname="com.allianz.test.LoginUITest" name="titleTest" time="18.201"/>
  <testcase classname="com.allianz.test.LoginUITest" name="titleTest" time="18.945"/>
  <testcase classname="com.allianz.test.LoginUITest" name="titleTest" time="20.596"/>
</testsuite> <!-- com.allianz.test.LoginUITest -->
