<?xml version="1.0" encoding="UTF-8"?>
<!-- Generated by org.testng.reporters.JUnitReportReporter -->
<testsuite hostname="DESKTOP-5BKKI8L" failures="0" tests="3" name="com.allianz.test.ZDemoTest" time="36.600" errors="0" timestamp="2024-04-15T23:32:17 PDT" skipped="0">
  <testcase classname="com.allianz.test.ZDemoTest" name="validTest" time="13.527"/>
  <testcase classname="com.allianz.test.ZDemoTest" name="validTest" time="13.082"/>
  <testcase classname="com.allianz.test.ZDemoTest" name="validTest" time="9.991"/>
</testsuite> <!-- com.allianz.test.ZDemoTest -->
