<?xml version="1.0" encoding="UTF-8"?>
<!-- Generated by org.testng.reporters.JUnitReportReporter -->
<testsuite hostname="DESKTOP-5BKKI8L" failures="0" tests="4" name="com.allianz.test.LoginTest" time="68.810" errors="0" timestamp="2024-04-25T00:12:38 PDT" skipped="0">
  <testcase classname="com.allianz.test.LoginTest" name="invalidLoginTest" time="21.502"/>
  <testcase classname="com.allianz.test.LoginTest" name="validLoginTest" time="19.480"/>
  <testcase classname="com.allianz.test.LoginTest" name="invalidLoginTest" time="13.866"/>
  <testcase classname="com.allianz.test.LoginTest" name="invalidLoginTest" time="13.962"/>
</testsuite> <!-- com.allianz.test.LoginTest -->
