<?xml version="1.0" encoding="UTF-8"?>
<!-- Generated by org.testng.reporters.JUnitReportReporter -->
<testsuite hostname="DESKTOP-5BKKI8L" failures="0" tests="3" name="com.allianz.test.LoginUITest" time="0.042" errors="0" timestamp="2024-04-02T00:14:31 PDT" skipped="0">
  <testcase classname="com.allianz.test.LoginUITest" name="titleTest" time="0.007"/>
  <testcase classname="com.allianz.test.LoginUITest" name="titleTest" time="0.025"/>
  <testcase classname="com.allianz.test.LoginUITest" name="titleTest" time="0.010"/>
</testsuite> <!-- com.allianz.test.LoginUITest -->
